[2026-01-11 20:51:33] production.ERROR: Method Illuminate\Foundation\Console\ClosureCommand::hourly does not exist. {"exception":"[object] (BadMethodCallException(code: 0): Method Illuminate\\Foundation\\Console\\ClosureCommand::hourly does not exist. at /Users/ahmedomar/Documents/ElmCorner/website/vendor/laravel/framework/src/Illuminate/Macroable/Traits/Macroable.php:112)
[stacktrace]
#0 /Users/ahmedomar/Documents/ElmCorner/website/routes/console.php(8): Illuminate\\Console\\Command->__call('hourly', Array)
#1 /Users/ahmedomar/Documents/ElmCorner/website/app/Console/Kernel.php(25): require('/Users/ahmedoma...')
#2 /Users/ahmedomar/Documents/ElmCorner/website/vendor/laravel/framework/src/Illuminate/Foundation/Console/Kernel.php(453): App\\Console\\Kernel->commands()
#3 /Users/ahmedomar/Documents/ElmCorner/website/vendor/laravel/framework/src/Illuminate/Foundation/Console/Kernel.php(199): Illuminate\\Foundation\\Console\\Kernel->bootstrap()
#4 /Users/ahmedomar/Documents/ElmCorner/website/artisan(14): Illuminate\\Foundation\\Console\\Kernel->handle(Object(Symfony\\Component\\Console\\Input\\ArgvInput), Object(Symfony\\Component\\Console\\Output\\ConsoleOutput))
#5 {main}
"} 
[2026-01-11 20:53:07] production.ERROR: file_get_contents(/Users/ahmedomar/Documents/ElmCorner/website/.env): Failed to open stream: No such file or directory {"exception":"[object] (ErrorException(code: 0): file_get_contents(/Users/ahmedomar/Documents/ElmCorner/website/.env): Failed to open stream: No such file or directory at /Users/ahmedomar/Documents/ElmCorner/website/vendor/laravel/framework/src/Illuminate/Foundation/Console/KeyGenerateCommand.php:100)
[stacktrace]
#0 /Users/ahmedomar/Documents/ElmCorner/website/vendor/laravel/framework/src/Illuminate/Foundation/Bootstrap/HandleExceptions.php(255): Illuminate\\Foundation\\Bootstrap\\HandleExceptions->handleError(2, 'file_get_conten...', '/Users/ahmedoma...', 100)
#1 [internal function]: Illuminate\\Foundation\\Bootstrap\\HandleExceptions->Illuminate\\Foundation\\Bootstrap\\{closure}(2, 'file_get_conten...', '/Users/ahmedoma...', 100)
#2 /Users/ahmedomar/Documents/ElmCorner/website/vendor/laravel/framework/src/Illuminate/Foundation/Console/KeyGenerateCommand.php(100): file_get_contents('/Users/ahmedoma...')
#3 /Users/ahmedomar/Documents/ElmCorner/website/vendor/laravel/framework/src/Illuminate/Foundation/Console/KeyGenerateCommand.php(82): Illuminate\\Foundation\\Console\\KeyGenerateCommand->writeNewEnvironmentFileWith('base64:7JGX8Cu7...')
#4 /Users/ahmedomar/Documents/ElmCorner/website/vendor/laravel/framework/src/Illuminate/Foundation/Console/KeyGenerateCommand.php(47): Illuminate\\Foundation\\Console\\KeyGenerateCommand->setKeyInEnvironmentFile('base64:7JGX8Cu7...')
#5 /Users/ahmedomar/Documents/ElmCorner/website/vendor/laravel/framework/src/Illuminate/Container/BoundMethod.php(36): Illuminate\\Foundation\\Console\\KeyGenerateCommand->handle()
#6 /Users/ahmedomar/Documents/ElmCorner/website/vendor/laravel/framework/src/Illuminate/Container/Util.php(41): Illuminate\\Container\\BoundMethod::Illuminate\\Container\\{closure}()
#7 /Users/ahmedomar/Documents/ElmCorner/website/vendor/laravel/framework/src/Illuminate/Container/BoundMethod.php(93): Illuminate\\Container\\Util::unwrapIfClosure(Object(Closure))
#8 /Users/ahmedomar/Documents/ElmCorner/website/vendor/laravel/framework/src/Illuminate/Container/BoundMethod.php(35): Illuminate\\Container\\BoundMethod::callBoundMethod(Object(Illuminate\\Foundation\\Application), Array, Object(Closure))
#9 /Users/ahmedomar/Documents/ElmCorner/website/vendor/laravel/framework/src/Illuminate/Container/Container.php(662): Illuminate\\Container\\BoundMethod::call(Object(Illuminate\\Foundation\\Application), Array, Array, NULL)
#10 /Users/ahmedomar/Documents/ElmCorner/website/vendor/laravel/framework/src/Illuminate/Console/Command.php(211): Illuminate\\Container\\Container->call(Array)
#11 /Users/ahmedomar/Documents/ElmCorner/website/vendor/symfony/console/Command/Command.php(326): Illuminate\\Console\\Command->execute(Object(Symfony\\Component\\Console\\Input\\ArgvInput), Object(Illuminate\\Console\\OutputStyle))
#12 /Users/ahmedomar/Documents/ElmCorner/website/vendor/laravel/framework/src/Illuminate/Console/Command.php(180): Symfony\\Component\\Console\\Command\\Command->run(Object(Symfony\\Component\\Console\\Input\\ArgvInput), Object(Illuminate\\Console\\OutputStyle))
#13 /Users/ahmedomar/Documents/ElmCorner/website/vendor/symfony/console/Application.php(1106): Illuminate\\Console\\Command->run(Object(Symfony\\Component\\Console\\Input\\ArgvInput), Object(Symfony\\Component\\Console\\Output\\ConsoleOutput))
#14 /Users/ahmedomar/Documents/ElmCorner/website/vendor/symfony/console/Application.php(324): Symfony\\Component\\Console\\Application->doRunCommand(Object(Illuminate\\Foundation\\Console\\KeyGenerateCommand), Object(Symfony\\Component\\Console\\Input\\ArgvInput), Object(Symfony\\Component\\Console\\Output\\ConsoleOutput))
#15 /Users/ahmedomar/Documents/ElmCorner/website/vendor/symfony/console/Application.php(175): Symfony\\Component\\Console\\Application->doRun(Object(Symfony\\Component\\Console\\Input\\ArgvInput), Object(Symfony\\Component\\Console\\Output\\ConsoleOutput))
#16 /Users/ahmedomar/Documents/ElmCorner/website/vendor/laravel/framework/src/Illuminate/Foundation/Console/Kernel.php(201): Symfony\\Component\\Console\\Application->run(Object(Symfony\\Component\\Console\\Input\\ArgvInput), Object(Symfony\\Component\\Console\\Output\\ConsoleOutput))
#17 /Users/ahmedomar/Documents/ElmCorner/website/artisan(14): Illuminate\\Foundation\\Console\\Kernel->handle(Object(Symfony\\Component\\Console\\Input\\ArgvInput), Object(Symfony\\Component\\Console\\Output\\ConsoleOutput))
#18 {main}
"} 
[2026-01-11 20:53:27] production.ERROR: file_get_contents(/Users/ahmedomar/Documents/ElmCorner/website/.env): Failed to open stream: Operation not permitted {"exception":"[object] (ErrorException(code: 0): file_get_contents(/Users/ahmedomar/Documents/ElmCorner/website/.env): Failed to open stream: Operation not permitted at /Users/ahmedomar/Documents/ElmCorner/website/vendor/laravel/framework/src/Illuminate/Foundation/Console/KeyGenerateCommand.php:100)
[stacktrace]
#0 /Users/ahmedomar/Documents/ElmCorner/website/vendor/laravel/framework/src/Illuminate/Foundation/Bootstrap/HandleExceptions.php(255): Illuminate\\Foundation\\Bootstrap\\HandleExceptions->handleError(2, 'file_get_conten...', '/Users/ahmedoma...', 100)
#1 [internal function]: Illuminate\\Foundation\\Bootstrap\\HandleExceptions->Illuminate\\Foundation\\Bootstrap\\{closure}(2, 'file_get_conten...', '/Users/ahmedoma...', 100)
#2 /Users/ahmedomar/Documents/ElmCorner/website/vendor/laravel/framework/src/Illuminate/Foundation/Console/KeyGenerateCommand.php(100): file_get_contents('/Users/ahmedoma...')
#3 /Users/ahmedomar/Documents/ElmCorner/website/vendor/laravel/framework/src/Illuminate/Foundation/Console/KeyGenerateCommand.php(82): Illuminate\\Foundation\\Console\\KeyGenerateCommand->writeNewEnvironmentFileWith('base64:rFvOz38z...')
#4 /Users/ahmedomar/Documents/ElmCorner/website/vendor/laravel/framework/src/Illuminate/Foundation/Console/KeyGenerateCommand.php(47): Illuminate\\Foundation\\Console\\KeyGenerateCommand->setKeyInEnvironmentFile('base64:rFvOz38z...')
#5 /Users/ahmedomar/Documents/ElmCorner/website/vendor/laravel/framework/src/Illuminate/Container/BoundMethod.php(36): Illuminate\\Foundation\\Console\\KeyGenerateCommand->handle()
#6 /Users/ahmedomar/Documents/ElmCorner/website/vendor/laravel/framework/src/Illuminate/Container/Util.php(41): Illuminate\\Container\\BoundMethod::Illuminate\\Container\\{closure}()
#7 /Users/ahmedomar/Documents/ElmCorner/website/vendor/laravel/framework/src/Illuminate/Container/BoundMethod.php(93): Illuminate\\Container\\Util::unwrapIfClosure(Object(Closure))
#8 /Users/ahmedomar/Documents/ElmCorner/website/vendor/laravel/framework/src/Illuminate/Container/BoundMethod.php(35): Illuminate\\Container\\BoundMethod::callBoundMethod(Object(Illuminate\\Foundation\\Application), Array, Object(Closure))
#9 /Users/ahmedomar/Documents/ElmCorner/website/vendor/laravel/framework/src/Illuminate/Container/Container.php(662): Illuminate\\Container\\BoundMethod::call(Object(Illuminate\\Foundation\\Application), Array, Array, NULL)
#10 /Users/ahmedomar/Documents/ElmCorner/website/vendor/laravel/framework/src/Illuminate/Console/Command.php(211): Illuminate\\Container\\Container->call(Array)
#11 /Users/ahmedomar/Documents/ElmCorner/website/vendor/symfony/console/Command/Command.php(326): Illuminate\\Console\\Command->execute(Object(Symfony\\Component\\Console\\Input\\ArgvInput), Object(Illuminate\\Console\\OutputStyle))
#12 /Users/ahmedomar/Documents/ElmCorner/website/vendor/laravel/framework/src/Illuminate/Console/Command.php(180): Symfony\\Component\\Console\\Command\\Command->run(Object(Symfony\\Component\\Console\\Input\\ArgvInput), Object(Illuminate\\Console\\OutputStyle))
#13 /Users/ahmedomar/Documents/ElmCorner/website/vendor/symfony/console/Application.php(1106): Illuminate\\Console\\Command->run(Object(Symfony\\Component\\Console\\Input\\ArgvInput), Object(Symfony\\Component\\Console\\Output\\ConsoleOutput))
#14 /Users/ahmedomar/Documents/ElmCorner/website/vendor/symfony/console/Application.php(324): Symfony\\Component\\Console\\Application->doRunCommand(Object(Illuminate\\Foundation\\Console\\KeyGenerateCommand), Object(Symfony\\Component\\Console\\Input\\ArgvInput), Object(Symfony\\Component\\Console\\Output\\ConsoleOutput))
#15 /Users/ahmedomar/Documents/ElmCorner/website/vendor/symfony/console/Application.php(175): Symfony\\Component\\Console\\Application->doRun(Object(Symfony\\Component\\Console\\Input\\ArgvInput), Object(Symfony\\Component\\Console\\Output\\ConsoleOutput))
#16 /Users/ahmedomar/Documents/ElmCorner/website/vendor/laravel/framework/src/Illuminate/Foundation/Console/Kernel.php(201): Symfony\\Component\\Console\\Application->run(Object(Symfony\\Component\\Console\\Input\\ArgvInput), Object(Symfony\\Component\\Console\\Output\\ConsoleOutput))
#17 /Users/ahmedomar/Documents/ElmCorner/website/artisan(14): Illuminate\\Foundation\\Console\\Kernel->handle(Object(Symfony\\Component\\Console\\Input\\ArgvInput), Object(Symfony\\Component\\Console\\Output\\ConsoleOutput))
#18 {main}
"} 
[2026-01-11 20:54:52] local.ERROR: Command "composer" is not defined. {"exception":"[object] (Symfony\\Component\\Console\\Exception\\CommandNotFoundException(code: 0): Command \"composer\" is not defined. at /Users/ahmedomar/Documents/ElmCorner/website/vendor/symfony/console/Application.php:745)
[stacktrace]
#0 /Users/ahmedomar/Documents/ElmCorner/website/vendor/symfony/console/Application.php(266): Symfony\\Component\\Console\\Application->find('composer')
#1 /Users/ahmedomar/Documents/ElmCorner/website/vendor/symfony/console/Application.php(175): Symfony\\Component\\Console\\Application->doRun(Object(Symfony\\Component\\Console\\Input\\ArgvInput), Object(Symfony\\Component\\Console\\Output\\ConsoleOutput))
#2 /Users/ahmedomar/Documents/ElmCorner/website/vendor/laravel/framework/src/Illuminate/Foundation/Console/Kernel.php(201): Symfony\\Component\\Console\\Application->run(Object(Symfony\\Component\\Console\\Input\\ArgvInput), Object(Symfony\\Component\\Console\\Output\\ConsoleOutput))
#3 /Users/ahmedomar/Documents/ElmCorner/website/artisan(14): Illuminate\\Foundation\\Console\\Kernel->handle(Object(Symfony\\Component\\Console\\Input\\ArgvInput), Object(Symfony\\Component\\Console\\Output\\ConsoleOutput))
#4 {main}
"} 
[2026-01-11 20:56:16] local.ERROR: Auth guard [] is not defined. {"exception":"[object] (InvalidArgumentException(code: 0): Auth guard [] is not defined. at /Users/ahmedomar/Documents/ElmCorner/website/vendor/laravel/framework/src/Illuminate/Auth/AuthManager.php:86)
[stacktrace]
#0 /Users/ahmedomar/Documents/ElmCorner/website/vendor/laravel/framework/src/Illuminate/Auth/AuthManager.php(70): Illuminate\\Auth\\AuthManager->resolve(NULL)
#1 /Users/ahmedomar/Documents/ElmCorner/website/vendor/laravel/framework/src/Illuminate/Auth/AuthServiceProvider.php(39): Illuminate\\Auth\\AuthManager->guard()
#2 /Users/ahmedomar/Documents/ElmCorner/website/vendor/laravel/framework/src/Illuminate/Container/Container.php(908): Illuminate\\Auth\\AuthServiceProvider->Illuminate\\Auth\\{closure}(Object(Illuminate\\Foundation\\Application), Array)
#3 /Users/ahmedomar/Documents/ElmCorner/website/vendor/laravel/framework/src/Illuminate/Container/Container.php(795): Illuminate\\Container\\Container->build(Object(Closure))
#4 /Users/ahmedomar/Documents/ElmCorner/website/vendor/laravel/framework/src/Illuminate/Foundation/Application.php(986): Illuminate\\Container\\Container->resolve('auth.driver', Array, true)
#5 /Users/ahmedomar/Documents/ElmCorner/website/vendor/laravel/framework/src/Illuminate/Container/Container.php(731): Illuminate\\Foundation\\Application->resolve('auth.driver', Array)
#6 /Users/ahmedomar/Documents/ElmCorner/website/vendor/laravel/framework/src/Illuminate/Foundation/Application.php(971): Illuminate\\Container\\Container->make('auth.driver', Array)
#7 /Users/ahmedomar/Documents/ElmCorner/website/vendor/laravel/framework/src/Illuminate/Session/DatabaseSessionHandler.php(221): Illuminate\\Foundation\\Application->make('auth.driver')
#8 /Users/ahmedomar/Documents/ElmCorner/website/vendor/laravel/framework/src/Illuminate/Session/DatabaseSessionHandler.php(208): Illuminate\\Session\\DatabaseSessionHandler->userId()
#9 /Users/ahmedomar/Documents/ElmCorner/website/vendor/laravel/framework/src/Illuminate/Session/DatabaseSessionHandler.php(194): Illuminate\\Session\\DatabaseSessionHandler->addUserInformation(Array)
#10 /Users/ahmedomar/Documents/ElmCorner/website/vendor/laravel/framework/src/Illuminate/Support/helpers.php(320): Illuminate\\Session\\DatabaseSessionHandler->Illuminate\\Session\\{closure}(Array)
#11 /Users/ahmedomar/Documents/ElmCorner/website/vendor/laravel/framework/src/Illuminate/Session/DatabaseSessionHandler.php(193): tap(Array, Object(Closure))
#12 /Users/ahmedomar/Documents/ElmCorner/website/vendor/laravel/framework/src/Illuminate/Session/DatabaseSessionHandler.php(133): Illuminate\\Session\\DatabaseSessionHandler->getDefaultPayload('a:3:{s:6:\"_toke...')
#13 /Users/ahmedomar/Documents/ElmCorner/website/vendor/laravel/framework/src/Illuminate/Session/Store.php(172): Illuminate\\Session\\DatabaseSessionHandler->write('66dSpBPLdkAEhNT...', 'a:3:{s:6:\"_toke...')
#14 /Users/ahmedomar/Documents/ElmCorner/website/vendor/laravel/framework/src/Illuminate/Session/Middleware/StartSession.php(245): Illuminate\\Session\\Store->save()
#15 /Users/ahmedomar/Documents/ElmCorner/website/vendor/laravel/framework/src/Illuminate/Session/Middleware/StartSession.php(130): Illuminate\\Session\\Middleware\\StartSession->saveSession(Object(Illuminate\\Http\\Request))
#16 /Users/ahmedomar/Documents/ElmCorner/website/vendor/laravel/framework/src/Illuminate/Session/Middleware/StartSession.php(64): Illuminate\\Session\\Middleware\\StartSession->handleStatefulRequest(Object(Illuminate\\Http\\Request), Object(Illuminate\\Session\\Store), Object(Closure))
#17 /Users/ahmedomar/Documents/ElmCorner/website/vendor/laravel/framework/src/Illuminate/Pipeline/Pipeline.php(183): Illuminate\\Session\\Middleware\\StartSession->handle(Object(Illuminate\\Http\\Request), Object(Closure))
#18 /Users/ahmedomar/Documents/ElmCorner/website/vendor/laravel/framework/src/Illuminate/Cookie/Middleware/AddQueuedCookiesToResponse.php(37): Illuminate\\Pipeline\\Pipeline->Illuminate\\Pipeline\\{closure}(Object(Illuminate\\Http\\Request))
#19 /Users/ahmedomar/Documents/ElmCorner/website/vendor/laravel/framework/src/Illuminate/Pipeline/Pipeline.php(183): Illuminate\\Cookie\\Middleware\\AddQueuedCookiesToResponse->handle(Object(Illuminate\\Http\\Request), Object(Closure))
#20 /Users/ahmedomar/Documents/ElmCorner/website/vendor/laravel/framework/src/Illuminate/Cookie/Middleware/EncryptCookies.php(67): Illuminate\\Pipeline\\Pipeline->Illuminate\\Pipeline\\{closure}(Object(Illuminate\\Http\\Request))
#21 /Users/ahmedomar/Documents/ElmCorner/website/vendor/laravel/framework/src/Illuminate/Pipeline/Pipeline.php(183): Illuminate\\Cookie\\Middleware\\EncryptCookies->handle(Object(Illuminate\\Http\\Request), Object(Closure))
#22 /Users/ahmedomar/Documents/ElmCorner/website/vendor/laravel/framework/src/Illuminate/Pipeline/Pipeline.php(119): Illuminate\\Pipeline\\Pipeline->Illuminate\\Pipeline\\{closure}(Object(Illuminate\\Http\\Request))
#23 /Users/ahmedomar/Documents/ElmCorner/website/vendor/laravel/framework/src/Illuminate/Routing/Router.php(805): Illuminate\\Pipeline\\Pipeline->then(Object(Closure))
#24 /Users/ahmedomar/Documents/ElmCorner/website/vendor/laravel/framework/src/Illuminate/Routing/Router.php(784): Illuminate\\Routing\\Router->runRouteWithinStack(Object(Illuminate\\Routing\\Route), Object(Illuminate\\Http\\Request))
#25 /Users/ahmedomar/Documents/ElmCorner/website/vendor/laravel/framework/src/Illuminate/Routing/Router.php(748): Illuminate\\Routing\\Router->runRoute(Object(Illuminate\\Http\\Request), Object(Illuminate\\Routing\\Route))
#26 /Users/ahmedomar/Documents/ElmCorner/website/vendor/laravel/framework/src/Illuminate/Routing/Router.php(737): Illuminate\\Routing\\Router->dispatchToRoute(Object(Illuminate\\Http\\Request))
#27 /Users/ahmedomar/Documents/ElmCorner/website/vendor/laravel/framework/src/Illuminate/Foundation/Http/Kernel.php(200): Illuminate\\Routing\\Router->dispatch(Object(Illuminate\\Http\\Request))
#28 /Users/ahmedomar/Documents/ElmCorner/website/vendor/laravel/framework/src/Illuminate/Pipeline/Pipeline.php(144): Illuminate\\Foundation\\Http\\Kernel->Illuminate\\Foundation\\Http\\{closure}(Object(Illuminate\\Http\\Request))
#29 /Users/ahmedomar/Documents/ElmCorner/website/vendor/laravel/framework/src/Illuminate/Foundation/Http/Middleware/TransformsRequest.php(21): Illuminate\\Pipeline\\Pipeline->Illuminate\\Pipeline\\{closure}(Object(Illuminate\\Http\\Request))
#30 /Users/ahmedomar/Documents/ElmCorner/website/vendor/laravel/framework/src/Illuminate/Foundation/Http/Middleware/ConvertEmptyStringsToNull.php(31): Illuminate\\Foundation\\Http\\Middleware\\TransformsRequest->handle(Object(Illuminate\\Http\\Request), Object(Closure))
#31 /Users/ahmedomar/Documents/ElmCorner/website/vendor/laravel/framework/src/Illuminate/Pipeline/Pipeline.php(183): Illuminate\\Foundation\\Http\\Middleware\\ConvertEmptyStringsToNull->handle(Object(Illuminate\\Http\\Request), Object(Closure))
#32 /Users/ahmedomar/Documents/ElmCorner/website/vendor/laravel/framework/src/Illuminate/Foundation/Http/Middleware/TransformsRequest.php(21): Illuminate\\Pipeline\\Pipeline->Illuminate\\Pipeline\\{closure}(Object(Illuminate\\Http\\Request))
#33 /Users/ahmedomar/Documents/ElmCorner/website/vendor/laravel/framework/src/Illuminate/Foundation/Http/Middleware/TrimStrings.php(40): Illuminate\\Foundation\\Http\\Middleware\\TransformsRequest->handle(Object(Illuminate\\Http\\Request), Object(Closure))
#34 /Users/ahmedomar/Documents/ElmCorner/website/vendor/laravel/framework/src/Illuminate/Pipeline/Pipeline.php(183): Illuminate\\Foundation\\Http\\Middleware\\TrimStrings->handle(Object(Illuminate\\Http\\Request), Object(Closure))
#35 /Users/ahmedomar/Documents/ElmCorner/website/vendor/laravel/framework/src/Illuminate/Foundation/Http/Middleware/ValidatePostSize.php(27): Illuminate\\Pipeline\\Pipeline->Illuminate\\Pipeline\\{closure}(Object(Illuminate\\Http\\Request))
#36 /Users/ahmedomar/Documents/ElmCorner/website/vendor/laravel/framework/src/Illuminate/Pipeline/Pipeline.php(183): Illuminate\\Foundation\\Http\\Middleware\\ValidatePostSize->handle(Object(Illuminate\\Http\\Request), Object(Closure))
#37 /Users/ahmedomar/Documents/ElmCorner/website/vendor/laravel/framework/src/Illuminate/Foundation/Http/Middleware/PreventRequestsDuringMaintenance.php(99): Illuminate\\Pipeline\\Pipeline->Illuminate\\Pipeline\\{closure}(Object(Illuminate\\Http\\Request))
#38 /Users/ahmedomar/Documents/ElmCorner/website/vendor/laravel/framework/src/Illuminate/Pipeline/Pipeline.php(183): Illuminate\\Foundation\\Http\\Middleware\\PreventRequestsDuringMaintenance->handle(Object(Illuminate\\Http\\Request), Object(Closure))
#39 /Users/ahmedomar/Documents/ElmCorner/website/vendor/laravel/framework/src/Illuminate/Http/Middleware/HandleCors.php(49): Illuminate\\Pipeline\\Pipeline->Illuminate\\Pipeline\\{closure}(Object(Illuminate\\Http\\Request))
#40 /Users/ahmedomar/Documents/ElmCorner/website/vendor/laravel/framework/src/Illuminate/Pipeline/Pipeline.php(183): Illuminate\\Http\\Middleware\\HandleCors->handle(Object(Illuminate\\Http\\Request), Object(Closure))
#41 /Users/ahmedomar/Documents/ElmCorner/website/vendor/laravel/framework/src/Illuminate/Http/Middleware/TrustProxies.php(39): Illuminate\\Pipeline\\Pipeline->Illuminate\\Pipeline\\{closure}(Object(Illuminate\\Http\\Request))
#42 /Users/ahmedomar/Documents/ElmCorner/website/vendor/laravel/framework/src/Illuminate/Pipeline/Pipeline.php(183): Illuminate\\Http\\Middleware\\TrustProxies->handle(Object(Illuminate\\Http\\Request), Object(Closure))
#43 /Users/ahmedomar/Documents/ElmCorner/website/vendor/laravel/framework/src/Illuminate/Pipeline/Pipeline.php(119): Illuminate\\Pipeline\\Pipeline->Illuminate\\Pipeline\\{closure}(Object(Illuminate\\Http\\Request))
#44 /Users/ahmedomar/Documents/ElmCorner/website/vendor/laravel/framework/src/Illuminate/Foundation/Http/Kernel.php(175): Illuminate\\Pipeline\\Pipeline->then(Object(Closure))
#45 /Users/ahmedomar/Documents/ElmCorner/website/vendor/laravel/framework/src/Illuminate/Foundation/Http/Kernel.php(144): Illuminate\\Foundation\\Http\\Kernel->sendRequestThroughRouter(Object(Illuminate\\Http\\Request))
#46 /Users/ahmedomar/Documents/ElmCorner/website/public/index.php(51): Illuminate\\Foundation\\Http\\Kernel->handle(Object(Illuminate\\Http\\Request))
#47 /Users/ahmedomar/Documents/ElmCorner/website/vendor/laravel/framework/src/Illuminate/Foundation/resources/server.php(16): require_once('/Users/ahmedoma...')
#48 {main}
"} 
[2026-01-11 20:56:30] local.ERROR: Auth guard [] is not defined. {"exception":"[object] (InvalidArgumentException(code: 0): Auth guard [] is not defined. at /Users/ahmedomar/Documents/ElmCorner/website/vendor/laravel/framework/src/Illuminate/Auth/AuthManager.php:86)
[stacktrace]
#0 /Users/ahmedomar/Documents/ElmCorner/website/vendor/laravel/framework/src/Illuminate/Auth/AuthManager.php(70): Illuminate\\Auth\\AuthManager->resolve(NULL)
#1 /Users/ahmedomar/Documents/ElmCorner/website/vendor/laravel/framework/src/Illuminate/Auth/AuthServiceProvider.php(39): Illuminate\\Auth\\AuthManager->guard()
#2 /Users/ahmedomar/Documents/ElmCorner/website/vendor/laravel/framework/src/Illuminate/Container/Container.php(908): Illuminate\\Auth\\AuthServiceProvider->Illuminate\\Auth\\{closure}(Object(Illuminate\\Foundation\\Application), Array)
#3 /Users/ahmedomar/Documents/ElmCorner/website/vendor/laravel/framework/src/Illuminate/Container/Container.php(795): Illuminate\\Container\\Container->build(Object(Closure))
#4 /Users/ahmedomar/Documents/ElmCorner/website/vendor/laravel/framework/src/Illuminate/Foundation/Application.php(986): Illuminate\\Container\\Container->resolve('auth.driver', Array, true)
#5 /Users/ahmedomar/Documents/ElmCorner/website/vendor/laravel/framework/src/Illuminate/Container/Container.php(731): Illuminate\\Foundation\\Application->resolve('auth.driver', Array)
#6 /Users/ahmedomar/Documents/ElmCorner/website/vendor/laravel/framework/src/Illuminate/Foundation/Application.php(971): Illuminate\\Container\\Container->make('auth.driver', Array)
#7 /Users/ahmedomar/Documents/ElmCorner/website/vendor/laravel/framework/src/Illuminate/Session/DatabaseSessionHandler.php(221): Illuminate\\Foundation\\Application->make('auth.driver')
#8 /Users/ahmedomar/Documents/ElmCorner/website/vendor/laravel/framework/src/Illuminate/Session/DatabaseSessionHandler.php(208): Illuminate\\Session\\DatabaseSessionHandler->userId()
#9 /Users/ahmedomar/Documents/ElmCorner/website/vendor/laravel/framework/src/Illuminate/Session/DatabaseSessionHandler.php(194): Illuminate\\Session\\DatabaseSessionHandler->addUserInformation(Array)
#10 /Users/ahmedomar/Documents/ElmCorner/website/vendor/laravel/framework/src/Illuminate/Support/helpers.php(320): Illuminate\\Session\\DatabaseSessionHandler->Illuminate\\Session\\{closure}(Array)
#11 /Users/ahmedomar/Documents/ElmCorner/website/vendor/laravel/framework/src/Illuminate/Session/DatabaseSessionHandler.php(193): tap(Array, Object(Closure))
#12 /Users/ahmedomar/Documents/ElmCorner/website/vendor/laravel/framework/src/Illuminate/Session/DatabaseSessionHandler.php(133): Illuminate\\Session\\DatabaseSessionHandler->getDefaultPayload('a:3:{s:6:\"_toke...')
#13 /Users/ahmedomar/Documents/ElmCorner/website/vendor/laravel/framework/src/Illuminate/Session/Store.php(172): Illuminate\\Session\\DatabaseSessionHandler->write('BNRYn2EQ5okToH4...', 'a:3:{s:6:\"_toke...')
#14 /Users/ahmedomar/Documents/ElmCorner/website/vendor/laravel/framework/src/Illuminate/Session/Middleware/StartSession.php(245): Illuminate\\Session\\Store->save()
#15 /Users/ahmedomar/Documents/ElmCorner/website/vendor/laravel/framework/src/Illuminate/Session/Middleware/StartSession.php(130): Illuminate\\Session\\Middleware\\StartSession->saveSession(Object(Illuminate\\Http\\Request))
#16 /Users/ahmedomar/Documents/ElmCorner/website/vendor/laravel/framework/src/Illuminate/Session/Middleware/StartSession.php(64): Illuminate\\Session\\Middleware\\StartSession->handleStatefulRequest(Object(Illuminate\\Http\\Request), Object(Illuminate\\Session\\Store), Object(Closure))
#17 /Users/ahmedomar/Documents/ElmCorner/website/vendor/laravel/framework/src/Illuminate/Pipeline/Pipeline.php(183): Illuminate\\Session\\Middleware\\StartSession->handle(Object(Illuminate\\Http\\Request), Object(Closure))
#18 /Users/ahmedomar/Documents/ElmCorner/website/vendor/laravel/framework/src/Illuminate/Cookie/Middleware/AddQueuedCookiesToResponse.php(37): Illuminate\\Pipeline\\Pipeline->Illuminate\\Pipeline\\{closure}(Object(Illuminate\\Http\\Request))
#19 /Users/ahmedomar/Documents/ElmCorner/website/vendor/laravel/framework/src/Illuminate/Pipeline/Pipeline.php(183): Illuminate\\Cookie\\Middleware\\AddQueuedCookiesToResponse->handle(Object(Illuminate\\Http\\Request), Object(Closure))
#20 /Users/ahmedomar/Documents/ElmCorner/website/vendor/laravel/framework/src/Illuminate/Cookie/Middleware/EncryptCookies.php(67): Illuminate\\Pipeline\\Pipeline->Illuminate\\Pipeline\\{closure}(Object(Illuminate\\Http\\Request))
#21 /Users/ahmedomar/Documents/ElmCorner/website/vendor/laravel/framework/src/Illuminate/Pipeline/Pipeline.php(183): Illuminate\\Cookie\\Middleware\\EncryptCookies->handle(Object(Illuminate\\Http\\Request), Object(Closure))
#22 /Users/ahmedomar/Documents/ElmCorner/website/vendor/laravel/framework/src/Illuminate/Pipeline/Pipeline.php(119): Illuminate\\Pipeline\\Pipeline->Illuminate\\Pipeline\\{closure}(Object(Illuminate\\Http\\Request))
#23 /Users/ahmedomar/Documents/ElmCorner/website/vendor/laravel/framework/src/Illuminate/Routing/Router.php(805): Illuminate\\Pipeline\\Pipeline->then(Object(Closure))
#24 /Users/ahmedomar/Documents/ElmCorner/website/vendor/laravel/framework/src/Illuminate/Routing/Router.php(784): Illuminate\\Routing\\Router->runRouteWithinStack(Object(Illuminate\\Routing\\Route), Object(Illuminate\\Http\\Request))
#25 /Users/ahmedomar/Documents/ElmCorner/website/vendor/laravel/framework/src/Illuminate/Routing/Router.php(748): Illuminate\\Routing\\Router->runRoute(Object(Illuminate\\Http\\Request), Object(Illuminate\\Routing\\Route))
#26 /Users/ahmedomar/Documents/ElmCorner/website/vendor/laravel/framework/src/Illuminate/Routing/Router.php(737): Illuminate\\Routing\\Router->dispatchToRoute(Object(Illuminate\\Http\\Request))
#27 /Users/ahmedomar/Documents/ElmCorner/website/vendor/laravel/framework/src/Illuminate/Foundation/Http/Kernel.php(200): Illuminate\\Routing\\Router->dispatch(Object(Illuminate\\Http\\Request))
#28 /Users/ahmedomar/Documents/ElmCorner/website/vendor/laravel/framework/src/Illuminate/Pipeline/Pipeline.php(144): Illuminate\\Foundation\\Http\\Kernel->Illuminate\\Foundation\\Http\\{closure}(Object(Illuminate\\Http\\Request))
#29 /Users/ahmedomar/Documents/ElmCorner/website/vendor/laravel/framework/src/Illuminate/Foundation/Http/Middleware/TransformsRequest.php(21): Illuminate\\Pipeline\\Pipeline->Illuminate\\Pipeline\\{closure}(Object(Illuminate\\Http\\Request))
#30 /Users/ahmedomar/Documents/ElmCorner/website/vendor/laravel/framework/src/Illuminate/Foundation/Http/Middleware/ConvertEmptyStringsToNull.php(31): Illuminate\\Foundation\\Http\\Middleware\\TransformsRequest->handle(Object(Illuminate\\Http\\Request), Object(Closure))
#31 /Users/ahmedomar/Documents/ElmCorner/website/vendor/laravel/framework/src/Illuminate/Pipeline/Pipeline.php(183): Illuminate\\Foundation\\Http\\Middleware\\ConvertEmptyStringsToNull->handle(Object(Illuminate\\Http\\Request), Object(Closure))
#32 /Users/ahmedomar/Documents/ElmCorner/website/vendor/laravel/framework/src/Illuminate/Foundation/Http/Middleware/TransformsRequest.php(21): Illuminate\\Pipeline\\Pipeline->Illuminate\\Pipeline\\{closure}(Object(Illuminate\\Http\\Request))
#33 /Users/ahmedomar/Documents/ElmCorner/website/vendor/laravel/framework/src/Illuminate/Foundation/Http/Middleware/TrimStrings.php(40): Illuminate\\Foundation\\Http\\Middleware\\TransformsRequest->handle(Object(Illuminate\\Http\\Request), Object(Closure))
#34 /Users/ahmedomar/Documents/ElmCorner/website/vendor/laravel/framework/src/Illuminate/Pipeline/Pipeline.php(183): Illuminate\\Foundation\\Http\\Middleware\\TrimStrings->handle(Object(Illuminate\\Http\\Request), Object(Closure))
#35 /Users/ahmedomar/Documents/ElmCorner/website/vendor/laravel/framework/src/Illuminate/Foundation/Http/Middleware/ValidatePostSize.php(27): Illuminate\\Pipeline\\Pipeline->Illuminate\\Pipeline\\{closure}(Object(Illuminate\\Http\\Request))
#36 /Users/ahmedomar/Documents/ElmCorner/website/vendor/laravel/framework/src/Illuminate/Pipeline/Pipeline.php(183): Illuminate\\Foundation\\Http\\Middleware\\ValidatePostSize->handle(Object(Illuminate\\Http\\Request), Object(Closure))
#37 /Users/ahmedomar/Documents/ElmCorner/website/vendor/laravel/framework/src/Illuminate/Foundation/Http/Middleware/PreventRequestsDuringMaintenance.php(99): Illuminate\\Pipeline\\Pipeline->Illuminate\\Pipeline\\{closure}(Object(Illuminate\\Http\\Request))
#38 /Users/ahmedomar/Documents/ElmCorner/website/vendor/laravel/framework/src/Illuminate/Pipeline/Pipeline.php(183): Illuminate\\Foundation\\Http\\Middleware\\PreventRequestsDuringMaintenance->handle(Object(Illuminate\\Http\\Request), Object(Closure))
#39 /Users/ahmedomar/Documents/ElmCorner/website/vendor/laravel/framework/src/Illuminate/Http/Middleware/HandleCors.php(49): Illuminate\\Pipeline\\Pipeline->Illuminate\\Pipeline\\{closure}(Object(Illuminate\\Http\\Request))
#40 /Users/ahmedomar/Documents/ElmCorner/website/vendor/laravel/framework/src/Illuminate/Pipeline/Pipeline.php(183): Illuminate\\Http\\Middleware\\HandleCors->handle(Object(Illuminate\\Http\\Request), Object(Closure))
#41 /Users/ahmedomar/Documents/ElmCorner/website/vendor/laravel/framework/src/Illuminate/Http/Middleware/TrustProxies.php(39): Illuminate\\Pipeline\\Pipeline->Illuminate\\Pipeline\\{closure}(Object(Illuminate\\Http\\Request))
#42 /Users/ahmedomar/Documents/ElmCorner/website/vendor/laravel/framework/src/Illuminate/Pipeline/Pipeline.php(183): Illuminate\\Http\\Middleware\\TrustProxies->handle(Object(Illuminate\\Http\\Request), Object(Closure))
#43 /Users/ahmedomar/Documents/ElmCorner/website/vendor/laravel/framework/src/Illuminate/Pipeline/Pipeline.php(119): Illuminate\\Pipeline\\Pipeline->Illuminate\\Pipeline\\{closure}(Object(Illuminate\\Http\\Request))
#44 /Users/ahmedomar/Documents/ElmCorner/website/vendor/laravel/framework/src/Illuminate/Foundation/Http/Kernel.php(175): Illuminate\\Pipeline\\Pipeline->then(Object(Closure))
#45 /Users/ahmedomar/Documents/ElmCorner/website/vendor/laravel/framework/src/Illuminate/Foundation/Http/Kernel.php(144): Illuminate\\Foundation\\Http\\Kernel->sendRequestThroughRouter(Object(Illuminate\\Http\\Request))
#46 /Users/ahmedomar/Documents/ElmCorner/website/public/index.php(51): Illuminate\\Foundation\\Http\\Kernel->handle(Object(Illuminate\\Http\\Request))
#47 /Users/ahmedomar/Documents/ElmCorner/website/vendor/laravel/framework/src/Illuminate/Foundation/resources/server.php(16): require_once('/Users/ahmedoma...')
#48 {main}
"} 
[2026-01-11 20:56:30] local.ERROR: Auth guard [] is not defined. {"exception":"[object] (InvalidArgumentException(code: 0): Auth guard [] is not defined. at /Users/ahmedomar/Documents/ElmCorner/website/vendor/laravel/framework/src/Illuminate/Auth/AuthManager.php:86)
[stacktrace]
#0 /Users/ahmedomar/Documents/ElmCorner/website/vendor/laravel/framework/src/Illuminate/Auth/AuthManager.php(70): Illuminate\\Auth\\AuthManager->resolve(NULL)
#1 /Users/ahmedomar/Documents/ElmCorner/website/vendor/laravel/framework/src/Illuminate/Auth/AuthServiceProvider.php(39): Illuminate\\Auth\\AuthManager->guard()
#2 /Users/ahmedomar/Documents/ElmCorner/website/vendor/laravel/framework/src/Illuminate/Container/Container.php(908): Illuminate\\Auth\\AuthServiceProvider->Illuminate\\Auth\\{closure}(Object(Illuminate\\Foundation\\Application), Array)
#3 /Users/ahmedomar/Documents/ElmCorner/website/vendor/laravel/framework/src/Illuminate/Container/Container.php(795): Illuminate\\Container\\Container->build(Object(Closure))
#4 /Users/ahmedomar/Documents/ElmCorner/website/vendor/laravel/framework/src/Illuminate/Foundation/Application.php(986): Illuminate\\Container\\Container->resolve('auth.driver', Array, true)
#5 /Users/ahmedomar/Documents/ElmCorner/website/vendor/laravel/framework/src/Illuminate/Container/Container.php(731): Illuminate\\Foundation\\Application->resolve('auth.driver', Array)
#6 /Users/ahmedomar/Documents/ElmCorner/website/vendor/laravel/framework/src/Illuminate/Foundation/Application.php(971): Illuminate\\Container\\Container->make('auth.driver', Array)
#7 /Users/ahmedomar/Documents/ElmCorner/website/vendor/laravel/framework/src/Illuminate/Session/DatabaseSessionHandler.php(221): Illuminate\\Foundation\\Application->make('auth.driver')
#8 /Users/ahmedomar/Documents/ElmCorner/website/vendor/laravel/framework/src/Illuminate/Session/DatabaseSessionHandler.php(208): Illuminate\\Session\\DatabaseSessionHandler->userId()
#9 /Users/ahmedomar/Documents/ElmCorner/website/vendor/laravel/framework/src/Illuminate/Session/DatabaseSessionHandler.php(194): Illuminate\\Session\\DatabaseSessionHandler->addUserInformation(Array)
#10 /Users/ahmedomar/Documents/ElmCorner/website/vendor/laravel/framework/src/Illuminate/Support/helpers.php(320): Illuminate\\Session\\DatabaseSessionHandler->Illuminate\\Session\\{closure}(Array)
#11 /Users/ahmedomar/Documents/ElmCorner/website/vendor/laravel/framework/src/Illuminate/Session/DatabaseSessionHandler.php(193): tap(Array, Object(Closure))
#12 /Users/ahmedomar/Documents/ElmCorner/website/vendor/laravel/framework/src/Illuminate/Session/DatabaseSessionHandler.php(133): Illuminate\\Session\\DatabaseSessionHandler->getDefaultPayload('a:3:{s:6:\"_toke...')
#13 /Users/ahmedomar/Documents/ElmCorner/website/vendor/laravel/framework/src/Illuminate/Session/Store.php(172): Illuminate\\Session\\DatabaseSessionHandler->write('soaa3o6brr3JkmN...', 'a:3:{s:6:\"_toke...')
#14 /Users/ahmedomar/Documents/ElmCorner/website/vendor/laravel/framework/src/Illuminate/Session/Middleware/StartSession.php(245): Illuminate\\Session\\Store->save()
#15 /Users/ahmedomar/Documents/ElmCorner/website/vendor/laravel/framework/src/Illuminate/Session/Middleware/StartSession.php(130): Illuminate\\Session\\Middleware\\StartSession->saveSession(Object(Illuminate\\Http\\Request))
#16 /Users/ahmedomar/Documents/ElmCorner/website/vendor/laravel/framework/src/Illuminate/Session/Middleware/StartSession.php(64): Illuminate\\Session\\Middleware\\StartSession->handleStatefulRequest(Object(Illuminate\\Http\\Request), Object(Illuminate\\Session\\Store), Object(Closure))
#17 /Users/ahmedomar/Documents/ElmCorner/website/vendor/laravel/framework/src/Illuminate/Pipeline/Pipeline.php(183): Illuminate\\Session\\Middleware\\StartSession->handle(Object(Illuminate\\Http\\Request), Object(Closure))
#18 /Users/ahmedomar/Documents/ElmCorner/website/vendor/laravel/framework/src/Illuminate/Cookie/Middleware/AddQueuedCookiesToResponse.php(37): Illuminate\\Pipeline\\Pipeline->Illuminate\\Pipeline\\{closure}(Object(Illuminate\\Http\\Request))
#19 /Users/ahmedomar/Documents/ElmCorner/website/vendor/laravel/framework/src/Illuminate/Pipeline/Pipeline.php(183): Illuminate\\Cookie\\Middleware\\AddQueuedCookiesToResponse->handle(Object(Illuminate\\Http\\Request), Object(Closure))
#20 /Users/ahmedomar/Documents/ElmCorner/website/vendor/laravel/framework/src/Illuminate/Cookie/Middleware/EncryptCookies.php(67): Illuminate\\Pipeline\\Pipeline->Illuminate\\Pipeline\\{closure}(Object(Illuminate\\Http\\Request))
#21 /Users/ahmedomar/Documents/ElmCorner/website/vendor/laravel/framework/src/Illuminate/Pipeline/Pipeline.php(183): Illuminate\\Cookie\\Middleware\\EncryptCookies->handle(Object(Illuminate\\Http\\Request), Object(Closure))
#22 /Users/ahmedomar/Documents/ElmCorner/website/vendor/laravel/framework/src/Illuminate/Pipeline/Pipeline.php(119): Illuminate\\Pipeline\\Pipeline->Illuminate\\Pipeline\\{closure}(Object(Illuminate\\Http\\Request))
#23 /Users/ahmedomar/Documents/ElmCorner/website/vendor/laravel/framework/src/Illuminate/Routing/Router.php(805): Illuminate\\Pipeline\\Pipeline->then(Object(Closure))
#24 /Users/ahmedomar/Documents/ElmCorner/website/vendor/laravel/framework/src/Illuminate/Routing/Router.php(784): Illuminate\\Routing\\Router->runRouteWithinStack(Object(Illuminate\\Routing\\Route), Object(Illuminate\\Http\\Request))
#25 /Users/ahmedomar/Documents/ElmCorner/website/vendor/laravel/framework/src/Illuminate/Routing/Router.php(748): Illuminate\\Routing\\Router->runRoute(Object(Illuminate\\Http\\Request), Object(Illuminate\\Routing\\Route))
#26 /Users/ahmedomar/Documents/ElmCorner/website/vendor/laravel/framework/src/Illuminate/Routing/Router.php(737): Illuminate\\Routing\\Router->dispatchToRoute(Object(Illuminate\\Http\\Request))
#27 /Users/ahmedomar/Documents/ElmCorner/website/vendor/laravel/framework/src/Illuminate/Foundation/Http/Kernel.php(200): Illuminate\\Routing\\Router->dispatch(Object(Illuminate\\Http\\Request))
#28 /Users/ahmedomar/Documents/ElmCorner/website/vendor/laravel/framework/src/Illuminate/Pipeline/Pipeline.php(144): Illuminate\\Foundation\\Http\\Kernel->Illuminate\\Foundation\\Http\\{closure}(Object(Illuminate\\Http\\Request))
#29 /Users/ahmedomar/Documents/ElmCorner/website/vendor/laravel/framework/src/Illuminate/Foundation/Http/Middleware/TransformsRequest.php(21): Illuminate\\Pipeline\\Pipeline->Illuminate\\Pipeline\\{closure}(Object(Illuminate\\Http\\Request))
#30 /Users/ahmedomar/Documents/ElmCorner/website/vendor/laravel/framework/src/Illuminate/Foundation/Http/Middleware/ConvertEmptyStringsToNull.php(31): Illuminate\\Foundation\\Http\\Middleware\\TransformsRequest->handle(Object(Illuminate\\Http\\Request), Object(Closure))
#31 /Users/ahmedomar/Documents/ElmCorner/website/vendor/laravel/framework/src/Illuminate/Pipeline/Pipeline.php(183): Illuminate\\Foundation\\Http\\Middleware\\ConvertEmptyStringsToNull->handle(Object(Illuminate\\Http\\Request), Object(Closure))
#32 /Users/ahmedomar/Documents/ElmCorner/website/vendor/laravel/framework/src/Illuminate/Foundation/Http/Middleware/TransformsRequest.php(21): Illuminate\\Pipeline\\Pipeline->Illuminate\\Pipeline\\{closure}(Object(Illuminate\\Http\\Request))
#33 /Users/ahmedomar/Documents/ElmCorner/website/vendor/laravel/framework/src/Illuminate/Foundation/Http/Middleware/TrimStrings.php(40): Illuminate\\Foundation\\Http\\Middleware\\TransformsRequest->handle(Object(Illuminate\\Http\\Request), Object(Closure))
#34 /Users/ahmedomar/Documents/ElmCorner/website/vendor/laravel/framework/src/Illuminate/Pipeline/Pipeline.php(183): Illuminate\\Foundation\\Http\\Middleware\\TrimStrings->handle(Object(Illuminate\\Http\\Request), Object(Closure))
#35 /Users/ahmedomar/Documents/ElmCorner/website/vendor/laravel/framework/src/Illuminate/Foundation/Http/Middleware/ValidatePostSize.php(27): Illuminate\\Pipeline\\Pipeline->Illuminate\\Pipeline\\{closure}(Object(Illuminate\\Http\\Request))
#36 /Users/ahmedomar/Documents/ElmCorner/website/vendor/laravel/framework/src/Illuminate/Pipeline/Pipeline.php(183): Illuminate\\Foundation\\Http\\Middleware\\ValidatePostSize->handle(Object(Illuminate\\Http\\Request), Object(Closure))
#37 /Users/ahmedomar/Documents/ElmCorner/website/vendor/laravel/framework/src/Illuminate/Foundation/Http/Middleware/PreventRequestsDuringMaintenance.php(99): Illuminate\\Pipeline\\Pipeline->Illuminate\\Pipeline\\{closure}(Object(Illuminate\\Http\\Request))
#38 /Users/ahmedomar/Documents/ElmCorner/website/vendor/laravel/framework/src/Illuminate/Pipeline/Pipeline.php(183): Illuminate\\Foundation\\Http\\Middleware\\PreventRequestsDuringMaintenance->handle(Object(Illuminate\\Http\\Request), Object(Closure))
#39 /Users/ahmedomar/Documents/ElmCorner/website/vendor/laravel/framework/src/Illuminate/Http/Middleware/HandleCors.php(49): Illuminate\\Pipeline\\Pipeline->Illuminate\\Pipeline\\{closure}(Object(Illuminate\\Http\\Request))
#40 /Users/ahmedomar/Documents/ElmCorner/website/vendor/laravel/framework/src/Illuminate/Pipeline/Pipeline.php(183): Illuminate\\Http\\Middleware\\HandleCors->handle(Object(Illuminate\\Http\\Request), Object(Closure))
#41 /Users/ahmedomar/Documents/ElmCorner/website/vendor/laravel/framework/src/Illuminate/Http/Middleware/TrustProxies.php(39): Illuminate\\Pipeline\\Pipeline->Illuminate\\Pipeline\\{closure}(Object(Illuminate\\Http\\Request))
#42 /Users/ahmedomar/Documents/ElmCorner/website/vendor/laravel/framework/src/Illuminate/Pipeline/Pipeline.php(183): Illuminate\\Http\\Middleware\\TrustProxies->handle(Object(Illuminate\\Http\\Request), Object(Closure))
#43 /Users/ahmedomar/Documents/ElmCorner/website/vendor/laravel/framework/src/Illuminate/Pipeline/Pipeline.php(119): Illuminate\\Pipeline\\Pipeline->Illuminate\\Pipeline\\{closure}(Object(Illuminate\\Http\\Request))
#44 /Users/ahmedomar/Documents/ElmCorner/website/vendor/laravel/framework/src/Illuminate/Foundation/Http/Kernel.php(175): Illuminate\\Pipeline\\Pipeline->then(Object(Closure))
#45 /Users/ahmedomar/Documents/ElmCorner/website/vendor/laravel/framework/src/Illuminate/Foundation/Http/Kernel.php(144): Illuminate\\Foundation\\Http\\Kernel->sendRequestThroughRouter(Object(Illuminate\\Http\\Request))
#46 /Users/ahmedomar/Documents/ElmCorner/website/public/index.php(51): Illuminate\\Foundation\\Http\\Kernel->handle(Object(Illuminate\\Http\\Request))
#47 /Users/ahmedomar/Documents/ElmCorner/website/vendor/laravel/framework/src/Illuminate/Foundation/resources/server.php(16): require_once('/Users/ahmedoma...')
#48 {main}
"} 
[2026-01-11 20:56:32] local.ERROR: Auth guard [] is not defined. {"exception":"[object] (InvalidArgumentException(code: 0): Auth guard [] is not defined. at /Users/ahmedomar/Documents/ElmCorner/website/vendor/laravel/framework/src/Illuminate/Auth/AuthManager.php:86)
[stacktrace]
#0 /Users/ahmedomar/Documents/ElmCorner/website/vendor/laravel/framework/src/Illuminate/Auth/AuthManager.php(70): Illuminate\\Auth\\AuthManager->resolve(NULL)
#1 /Users/ahmedomar/Documents/ElmCorner/website/vendor/laravel/framework/src/Illuminate/Auth/AuthServiceProvider.php(39): Illuminate\\Auth\\AuthManager->guard()
#2 /Users/ahmedomar/Documents/ElmCorner/website/vendor/laravel/framework/src/Illuminate/Container/Container.php(908): Illuminate\\Auth\\AuthServiceProvider->Illuminate\\Auth\\{closure}(Object(Illuminate\\Foundation\\Application), Array)
#3 /Users/ahmedomar/Documents/ElmCorner/website/vendor/laravel/framework/src/Illuminate/Container/Container.php(795): Illuminate\\Container\\Container->build(Object(Closure))
#4 /Users/ahmedomar/Documents/ElmCorner/website/vendor/laravel/framework/src/Illuminate/Foundation/Application.php(986): Illuminate\\Container\\Container->resolve('auth.driver', Array, true)
#5 /Users/ahmedomar/Documents/ElmCorner/website/vendor/laravel/framework/src/Illuminate/Container/Container.php(731): Illuminate\\Foundation\\Application->resolve('auth.driver', Array)
#6 /Users/ahmedomar/Documents/ElmCorner/website/vendor/laravel/framework/src/Illuminate/Foundation/Application.php(971): Illuminate\\Container\\Container->make('auth.driver', Array)
#7 /Users/ahmedomar/Documents/ElmCorner/website/vendor/laravel/framework/src/Illuminate/Session/DatabaseSessionHandler.php(221): Illuminate\\Foundation\\Application->make('auth.driver')
#8 /Users/ahmedomar/Documents/ElmCorner/website/vendor/laravel/framework/src/Illuminate/Session/DatabaseSessionHandler.php(208): Illuminate\\Session\\DatabaseSessionHandler->userId()
#9 /Users/ahmedomar/Documents/ElmCorner/website/vendor/laravel/framework/src/Illuminate/Session/DatabaseSessionHandler.php(194): Illuminate\\Session\\DatabaseSessionHandler->addUserInformation(Array)
#10 /Users/ahmedomar/Documents/ElmCorner/website/vendor/laravel/framework/src/Illuminate/Support/helpers.php(320): Illuminate\\Session\\DatabaseSessionHandler->Illuminate\\Session\\{closure}(Array)
#11 /Users/ahmedomar/Documents/ElmCorner/website/vendor/laravel/framework/src/Illuminate/Session/DatabaseSessionHandler.php(193): tap(Array, Object(Closure))
#12 /Users/ahmedomar/Documents/ElmCorner/website/vendor/laravel/framework/src/Illuminate/Session/DatabaseSessionHandler.php(133): Illuminate\\Session\\DatabaseSessionHandler->getDefaultPayload('a:3:{s:6:\"_toke...')
#13 /Users/ahmedomar/Documents/ElmCorner/website/vendor/laravel/framework/src/Illuminate/Session/Store.php(172): Illuminate\\Session\\DatabaseSessionHandler->write('4vhTFH5MNjRjPdI...', 'a:3:{s:6:\"_toke...')
#14 /Users/ahmedomar/Documents/ElmCorner/website/vendor/laravel/framework/src/Illuminate/Session/Middleware/StartSession.php(245): Illuminate\\Session\\Store->save()
#15 /Users/ahmedomar/Documents/ElmCorner/website/vendor/laravel/framework/src/Illuminate/Session/Middleware/StartSession.php(130): Illuminate\\Session\\Middleware\\StartSession->saveSession(Object(Illuminate\\Http\\Request))
#16 /Users/ahmedomar/Documents/ElmCorner/website/vendor/laravel/framework/src/Illuminate/Session/Middleware/StartSession.php(64): Illuminate\\Session\\Middleware\\StartSession->handleStatefulRequest(Object(Illuminate\\Http\\Request), Object(Illuminate\\Session\\Store), Object(Closure))
#17 /Users/ahmedomar/Documents/ElmCorner/website/vendor/laravel/framework/src/Illuminate/Pipeline/Pipeline.php(183): Illuminate\\Session\\Middleware\\StartSession->handle(Object(Illuminate\\Http\\Request), Object(Closure))
#18 /Users/ahmedomar/Documents/ElmCorner/website/vendor/laravel/framework/src/Illuminate/Cookie/Middleware/AddQueuedCookiesToResponse.php(37): Illuminate\\Pipeline\\Pipeline->Illuminate\\Pipeline\\{closure}(Object(Illuminate\\Http\\Request))
#19 /Users/ahmedomar/Documents/ElmCorner/website/vendor/laravel/framework/src/Illuminate/Pipeline/Pipeline.php(183): Illuminate\\Cookie\\Middleware\\AddQueuedCookiesToResponse->handle(Object(Illuminate\\Http\\Request), Object(Closure))
#20 /Users/ahmedomar/Documents/ElmCorner/website/vendor/laravel/framework/src/Illuminate/Cookie/Middleware/EncryptCookies.php(67): Illuminate\\Pipeline\\Pipeline->Illuminate\\Pipeline\\{closure}(Object(Illuminate\\Http\\Request))
#21 /Users/ahmedomar/Documents/ElmCorner/website/vendor/laravel/framework/src/Illuminate/Pipeline/Pipeline.php(183): Illuminate\\Cookie\\Middleware\\EncryptCookies->handle(Object(Illuminate\\Http\\Request), Object(Closure))
#22 /Users/ahmedomar/Documents/ElmCorner/website/vendor/laravel/framework/src/Illuminate/Pipeline/Pipeline.php(119): Illuminate\\Pipeline\\Pipeline->Illuminate\\Pipeline\\{closure}(Object(Illuminate\\Http\\Request))
#23 /Users/ahmedomar/Documents/ElmCorner/website/vendor/laravel/framework/src/Illuminate/Routing/Router.php(805): Illuminate\\Pipeline\\Pipeline->then(Object(Closure))
#24 /Users/ahmedomar/Documents/ElmCorner/website/vendor/laravel/framework/src/Illuminate/Routing/Router.php(784): Illuminate\\Routing\\Router->runRouteWithinStack(Object(Illuminate\\Routing\\Route), Object(Illuminate\\Http\\Request))
#25 /Users/ahmedomar/Documents/ElmCorner/website/vendor/laravel/framework/src/Illuminate/Routing/Router.php(748): Illuminate\\Routing\\Router->runRoute(Object(Illuminate\\Http\\Request), Object(Illuminate\\Routing\\Route))
#26 /Users/ahmedomar/Documents/ElmCorner/website/vendor/laravel/framework/src/Illuminate/Routing/Router.php(737): Illuminate\\Routing\\Router->dispatchToRoute(Object(Illuminate\\Http\\Request))
#27 /Users/ahmedomar/Documents/ElmCorner/website/vendor/laravel/framework/src/Illuminate/Foundation/Http/Kernel.php(200): Illuminate\\Routing\\Router->dispatch(Object(Illuminate\\Http\\Request))
#28 /Users/ahmedomar/Documents/ElmCorner/website/vendor/laravel/framework/src/Illuminate/Pipeline/Pipeline.php(144): Illuminate\\Foundation\\Http\\Kernel->Illuminate\\Foundation\\Http\\{closure}(Object(Illuminate\\Http\\Request))
#29 /Users/ahmedomar/Documents/ElmCorner/website/vendor/laravel/framework/src/Illuminate/Foundation/Http/Middleware/TransformsRequest.php(21): Illuminate\\Pipeline\\Pipeline->Illuminate\\Pipeline\\{closure}(Object(Illuminate\\Http\\Request))
#30 /Users/ahmedomar/Documents/ElmCorner/website/vendor/laravel/framework/src/Illuminate/Foundation/Http/Middleware/ConvertEmptyStringsToNull.php(31): Illuminate\\Foundation\\Http\\Middleware\\TransformsRequest->handle(Object(Illuminate\\Http\\Request), Object(Closure))
#31 /Users/ahmedomar/Documents/ElmCorner/website/vendor/laravel/framework/src/Illuminate/Pipeline/Pipeline.php(183): Illuminate\\Foundation\\Http\\Middleware\\ConvertEmptyStringsToNull->handle(Object(Illuminate\\Http\\Request), Object(Closure))
#32 /Users/ahmedomar/Documents/ElmCorner/website/vendor/laravel/framework/src/Illuminate/Foundation/Http/Middleware/TransformsRequest.php(21): Illuminate\\Pipeline\\Pipeline->Illuminate\\Pipeline\\{closure}(Object(Illuminate\\Http\\Request))
#33 /Users/ahmedomar/Documents/ElmCorner/website/vendor/laravel/framework/src/Illuminate/Foundation/Http/Middleware/TrimStrings.php(40): Illuminate\\Foundation\\Http\\Middleware\\TransformsRequest->handle(Object(Illuminate\\Http\\Request), Object(Closure))
#34 /Users/ahmedomar/Documents/ElmCorner/website/vendor/laravel/framework/src/Illuminate/Pipeline/Pipeline.php(183): Illuminate\\Foundation\\Http\\Middleware\\TrimStrings->handle(Object(Illuminate\\Http\\Request), Object(Closure))
#35 /Users/ahmedomar/Documents/ElmCorner/website/vendor/laravel/framework/src/Illuminate/Foundation/Http/Middleware/ValidatePostSize.php(27): Illuminate\\Pipeline\\Pipeline->Illuminate\\Pipeline\\{closure}(Object(Illuminate\\Http\\Request))
#36 /Users/ahmedomar/Documents/ElmCorner/website/vendor/laravel/framework/src/Illuminate/Pipeline/Pipeline.php(183): Illuminate\\Foundation\\Http\\Middleware\\ValidatePostSize->handle(Object(Illuminate\\Http\\Request), Object(Closure))
#37 /Users/ahmedomar/Documents/ElmCorner/website/vendor/laravel/framework/src/Illuminate/Foundation/Http/Middleware/PreventRequestsDuringMaintenance.php(99): Illuminate\\Pipeline\\Pipeline->Illuminate\\Pipeline\\{closure}(Object(Illuminate\\Http\\Request))
#38 /Users/ahmedomar/Documents/ElmCorner/website/vendor/laravel/framework/src/Illuminate/Pipeline/Pipeline.php(183): Illuminate\\Foundation\\Http\\Middleware\\PreventRequestsDuringMaintenance->handle(Object(Illuminate\\Http\\Request), Object(Closure))
#39 /Users/ahmedomar/Documents/ElmCorner/website/vendor/laravel/framework/src/Illuminate/Http/Middleware/HandleCors.php(49): Illuminate\\Pipeline\\Pipeline->Illuminate\\Pipeline\\{closure}(Object(Illuminate\\Http\\Request))
#40 /Users/ahmedomar/Documents/ElmCorner/website/vendor/laravel/framework/src/Illuminate/Pipeline/Pipeline.php(183): Illuminate\\Http\\Middleware\\HandleCors->handle(Object(Illuminate\\Http\\Request), Object(Closure))
#41 /Users/ahmedomar/Documents/ElmCorner/website/vendor/laravel/framework/src/Illuminate/Http/Middleware/TrustProxies.php(39): Illuminate\\Pipeline\\Pipeline->Illuminate\\Pipeline\\{closure}(Object(Illuminate\\Http\\Request))
#42 /Users/ahmedomar/Documents/ElmCorner/website/vendor/laravel/framework/src/Illuminate/Pipeline/Pipeline.php(183): Illuminate\\Http\\Middleware\\TrustProxies->handle(Object(Illuminate\\Http\\Request), Object(Closure))
#43 /Users/ahmedomar/Documents/ElmCorner/website/vendor/laravel/framework/src/Illuminate/Pipeline/Pipeline.php(119): Illuminate\\Pipeline\\Pipeline->Illuminate\\Pipeline\\{closure}(Object(Illuminate\\Http\\Request))
#44 /Users/ahmedomar/Documents/ElmCorner/website/vendor/laravel/framework/src/Illuminate/Foundation/Http/Kernel.php(175): Illuminate\\Pipeline\\Pipeline->then(Object(Closure))
#45 /Users/ahmedomar/Documents/ElmCorner/website/vendor/laravel/framework/src/Illuminate/Foundation/Http/Kernel.php(144): Illuminate\\Foundation\\Http\\Kernel->sendRequestThroughRouter(Object(Illuminate\\Http\\Request))
#46 /Users/ahmedomar/Documents/ElmCorner/website/public/index.php(51): Illuminate\\Foundation\\Http\\Kernel->handle(Object(Illuminate\\Http\\Request))
#47 /Users/ahmedomar/Documents/ElmCorner/website/vendor/laravel/framework/src/Illuminate/Foundation/resources/server.php(16): require_once('/Users/ahmedoma...')
#48 {main}
"} 
[2026-01-11 20:57:01] local.ERROR: Auth guard [] is not defined. {"exception":"[object] (InvalidArgumentException(code: 0): Auth guard [] is not defined. at /Users/ahmedomar/Documents/ElmCorner/website/vendor/laravel/framework/src/Illuminate/Auth/AuthManager.php:86)
[stacktrace]
#0 /Users/ahmedomar/Documents/ElmCorner/website/vendor/laravel/framework/src/Illuminate/Auth/AuthManager.php(70): Illuminate\\Auth\\AuthManager->resolve(NULL)
#1 /Users/ahmedomar/Documents/ElmCorner/website/vendor/laravel/framework/src/Illuminate/Auth/AuthServiceProvider.php(39): Illuminate\\Auth\\AuthManager->guard()
#2 /Users/ahmedomar/Documents/ElmCorner/website/vendor/laravel/framework/src/Illuminate/Container/Container.php(908): Illuminate\\Auth\\AuthServiceProvider->Illuminate\\Auth\\{closure}(Object(Illuminate\\Foundation\\Application), Array)
#3 /Users/ahmedomar/Documents/ElmCorner/website/vendor/laravel/framework/src/Illuminate/Container/Container.php(795): Illuminate\\Container\\Container->build(Object(Closure))
#4 /Users/ahmedomar/Documents/ElmCorner/website/vendor/laravel/framework/src/Illuminate/Foundation/Application.php(986): Illuminate\\Container\\Container->resolve('auth.driver', Array, true)
#5 /Users/ahmedomar/Documents/ElmCorner/website/vendor/laravel/framework/src/Illuminate/Container/Container.php(731): Illuminate\\Foundation\\Application->resolve('auth.driver', Array)
#6 /Users/ahmedomar/Documents/ElmCorner/website/vendor/laravel/framework/src/Illuminate/Foundation/Application.php(971): Illuminate\\Container\\Container->make('auth.driver', Array)
#7 /Users/ahmedomar/Documents/ElmCorner/website/vendor/laravel/framework/src/Illuminate/Session/DatabaseSessionHandler.php(221): Illuminate\\Foundation\\Application->make('auth.driver')
#8 /Users/ahmedomar/Documents/ElmCorner/website/vendor/laravel/framework/src/Illuminate/Session/DatabaseSessionHandler.php(208): Illuminate\\Session\\DatabaseSessionHandler->userId()
#9 /Users/ahmedomar/Documents/ElmCorner/website/vendor/laravel/framework/src/Illuminate/Session/DatabaseSessionHandler.php(194): Illuminate\\Session\\DatabaseSessionHandler->addUserInformation(Array)
#10 /Users/ahmedomar/Documents/ElmCorner/website/vendor/laravel/framework/src/Illuminate/Support/helpers.php(320): Illuminate\\Session\\DatabaseSessionHandler->Illuminate\\Session\\{closure}(Array)
#11 /Users/ahmedomar/Documents/ElmCorner/website/vendor/laravel/framework/src/Illuminate/Session/DatabaseSessionHandler.php(193): tap(Array, Object(Closure))
#12 /Users/ahmedomar/Documents/ElmCorner/website/vendor/laravel/framework/src/Illuminate/Session/DatabaseSessionHandler.php(133): Illuminate\\Session\\DatabaseSessionHandler->getDefaultPayload('a:3:{s:6:\"_toke...')
#13 /Users/ahmedomar/Documents/ElmCorner/website/vendor/laravel/framework/src/Illuminate/Session/Store.php(172): Illuminate\\Session\\DatabaseSessionHandler->write('HUj8bhfkK7lmSyl...', 'a:3:{s:6:\"_toke...')
#14 /Users/ahmedomar/Documents/ElmCorner/website/vendor/laravel/framework/src/Illuminate/Session/Middleware/StartSession.php(245): Illuminate\\Session\\Store->save()
#15 /Users/ahmedomar/Documents/ElmCorner/website/vendor/laravel/framework/src/Illuminate/Session/Middleware/StartSession.php(130): Illuminate\\Session\\Middleware\\StartSession->saveSession(Object(Illuminate\\Http\\Request))
#16 /Users/ahmedomar/Documents/ElmCorner/website/vendor/laravel/framework/src/Illuminate/Session/Middleware/StartSession.php(64): Illuminate\\Session\\Middleware\\StartSession->handleStatefulRequest(Object(Illuminate\\Http\\Request), Object(Illuminate\\Session\\Store), Object(Closure))
#17 /Users/ahmedomar/Documents/ElmCorner/website/vendor/laravel/framework/src/Illuminate/Pipeline/Pipeline.php(183): Illuminate\\Session\\Middleware\\StartSession->handle(Object(Illuminate\\Http\\Request), Object(Closure))
#18 /Users/ahmedomar/Documents/ElmCorner/website/vendor/laravel/framework/src/Illuminate/Cookie/Middleware/AddQueuedCookiesToResponse.php(37): Illuminate\\Pipeline\\Pipeline->Illuminate\\Pipeline\\{closure}(Object(Illuminate\\Http\\Request))
#19 /Users/ahmedomar/Documents/ElmCorner/website/vendor/laravel/framework/src/Illuminate/Pipeline/Pipeline.php(183): Illuminate\\Cookie\\Middleware\\AddQueuedCookiesToResponse->handle(Object(Illuminate\\Http\\Request), Object(Closure))
#20 /Users/ahmedomar/Documents/ElmCorner/website/vendor/laravel/framework/src/Illuminate/Cookie/Middleware/EncryptCookies.php(67): Illuminate\\Pipeline\\Pipeline->Illuminate\\Pipeline\\{closure}(Object(Illuminate\\Http\\Request))
#21 /Users/ahmedomar/Documents/ElmCorner/website/vendor/laravel/framework/src/Illuminate/Pipeline/Pipeline.php(183): Illuminate\\Cookie\\Middleware\\EncryptCookies->handle(Object(Illuminate\\Http\\Request), Object(Closure))
#22 /Users/ahmedomar/Documents/ElmCorner/website/vendor/laravel/framework/src/Illuminate/Pipeline/Pipeline.php(119): Illuminate\\Pipeline\\Pipeline->Illuminate\\Pipeline\\{closure}(Object(Illuminate\\Http\\Request))
#23 /Users/ahmedomar/Documents/ElmCorner/website/vendor/laravel/framework/src/Illuminate/Routing/Router.php(805): Illuminate\\Pipeline\\Pipeline->then(Object(Closure))
#24 /Users/ahmedomar/Documents/ElmCorner/website/vendor/laravel/framework/src/Illuminate/Routing/Router.php(784): Illuminate\\Routing\\Router->runRouteWithinStack(Object(Illuminate\\Routing\\Route), Object(Illuminate\\Http\\Request))
#25 /Users/ahmedomar/Documents/ElmCorner/website/vendor/laravel/framework/src/Illuminate/Routing/Router.php(748): Illuminate\\Routing\\Router->runRoute(Object(Illuminate\\Http\\Request), Object(Illuminate\\Routing\\Route))
#26 /Users/ahmedomar/Documents/ElmCorner/website/vendor/laravel/framework/src/Illuminate/Routing/Router.php(737): Illuminate\\Routing\\Router->dispatchToRoute(Object(Illuminate\\Http\\Request))
#27 /Users/ahmedomar/Documents/ElmCorner/website/vendor/laravel/framework/src/Illuminate/Foundation/Http/Kernel.php(200): Illuminate\\Routing\\Router->dispatch(Object(Illuminate\\Http\\Request))
#28 /Users/ahmedomar/Documents/ElmCorner/website/vendor/laravel/framework/src/Illuminate/Pipeline/Pipeline.php(144): Illuminate\\Foundation\\Http\\Kernel->Illuminate\\Foundation\\Http\\{closure}(Object(Illuminate\\Http\\Request))
#29 /Users/ahmedomar/Documents/ElmCorner/website/vendor/laravel/framework/src/Illuminate/Foundation/Http/Middleware/TransformsRequest.php(21): Illuminate\\Pipeline\\Pipeline->Illuminate\\Pipeline\\{closure}(Object(Illuminate\\Http\\Request))
#30 /Users/ahmedomar/Documents/ElmCorner/website/vendor/laravel/framework/src/Illuminate/Foundation/Http/Middleware/ConvertEmptyStringsToNull.php(31): Illuminate\\Foundation\\Http\\Middleware\\TransformsRequest->handle(Object(Illuminate\\Http\\Request), Object(Closure))
#31 /Users/ahmedomar/Documents/ElmCorner/website/vendor/laravel/framework/src/Illuminate/Pipeline/Pipeline.php(183): Illuminate\\Foundation\\Http\\Middleware\\ConvertEmptyStringsToNull->handle(Object(Illuminate\\Http\\Request), Object(Closure))
#32 /Users/ahmedomar/Documents/ElmCorner/website/vendor/laravel/framework/src/Illuminate/Foundation/Http/Middleware/TransformsRequest.php(21): Illuminate\\Pipeline\\Pipeline->Illuminate\\Pipeline\\{closure}(Object(Illuminate\\Http\\Request))
#33 /Users/ahmedomar/Documents/ElmCorner/website/vendor/laravel/framework/src/Illuminate/Foundation/Http/Middleware/TrimStrings.php(40): Illuminate\\Foundation\\Http\\Middleware\\TransformsRequest->handle(Object(Illuminate\\Http\\Request), Object(Closure))
#34 /Users/ahmedomar/Documents/ElmCorner/website/vendor/laravel/framework/src/Illuminate/Pipeline/Pipeline.php(183): Illuminate\\Foundation\\Http\\Middleware\\TrimStrings->handle(Object(Illuminate\\Http\\Request), Object(Closure))
#35 /Users/ahmedomar/Documents/ElmCorner/website/vendor/laravel/framework/src/Illuminate/Foundation/Http/Middleware/ValidatePostSize.php(27): Illuminate\\Pipeline\\Pipeline->Illuminate\\Pipeline\\{closure}(Object(Illuminate\\Http\\Request))
#36 /Users/ahmedomar/Documents/ElmCorner/website/vendor/laravel/framework/src/Illuminate/Pipeline/Pipeline.php(183): Illuminate\\Foundation\\Http\\Middleware\\ValidatePostSize->handle(Object(Illuminate\\Http\\Request), Object(Closure))
#37 /Users/ahmedomar/Documents/ElmCorner/website/vendor/laravel/framework/src/Illuminate/Foundation/Http/Middleware/PreventRequestsDuringMaintenance.php(99): Illuminate\\Pipeline\\Pipeline->Illuminate\\Pipeline\\{closure}(Object(Illuminate\\Http\\Request))
#38 /Users/ahmedomar/Documents/ElmCorner/website/vendor/laravel/framework/src/Illuminate/Pipeline/Pipeline.php(183): Illuminate\\Foundation\\Http\\Middleware\\PreventRequestsDuringMaintenance->handle(Object(Illuminate\\Http\\Request), Object(Closure))
#39 /Users/ahmedomar/Documents/ElmCorner/website/vendor/laravel/framework/src/Illuminate/Http/Middleware/HandleCors.php(49): Illuminate\\Pipeline\\Pipeline->Illuminate\\Pipeline\\{closure}(Object(Illuminate\\Http\\Request))
#40 /Users/ahmedomar/Documents/ElmCorner/website/vendor/laravel/framework/src/Illuminate/Pipeline/Pipeline.php(183): Illuminate\\Http\\Middleware\\HandleCors->handle(Object(Illuminate\\Http\\Request), Object(Closure))
#41 /Users/ahmedomar/Documents/ElmCorner/website/vendor/laravel/framework/src/Illuminate/Http/Middleware/TrustProxies.php(39): Illuminate\\Pipeline\\Pipeline->Illuminate\\Pipeline\\{closure}(Object(Illuminate\\Http\\Request))
#42 /Users/ahmedomar/Documents/ElmCorner/website/vendor/laravel/framework/src/Illuminate/Pipeline/Pipeline.php(183): Illuminate\\Http\\Middleware\\TrustProxies->handle(Object(Illuminate\\Http\\Request), Object(Closure))
#43 /Users/ahmedomar/Documents/ElmCorner/website/vendor/laravel/framework/src/Illuminate/Pipeline/Pipeline.php(119): Illuminate\\Pipeline\\Pipeline->Illuminate\\Pipeline\\{closure}(Object(Illuminate\\Http\\Request))
#44 /Users/ahmedomar/Documents/ElmCorner/website/vendor/laravel/framework/src/Illuminate/Foundation/Http/Kernel.php(175): Illuminate\\Pipeline\\Pipeline->then(Object(Closure))
#45 /Users/ahmedomar/Documents/ElmCorner/website/vendor/laravel/framework/src/Illuminate/Foundation/Http/Kernel.php(144): Illuminate\\Foundation\\Http\\Kernel->sendRequestThroughRouter(Object(Illuminate\\Http\\Request))
#46 /Users/ahmedomar/Documents/ElmCorner/website/public/index.php(51): Illuminate\\Foundation\\Http\\Kernel->handle(Object(Illuminate\\Http\\Request))
#47 /Users/ahmedomar/Documents/ElmCorner/website/vendor/laravel/framework/src/Illuminate/Foundation/resources/server.php(16): require_once('/Users/ahmedoma...')
#48 {main}
"} 
[2026-01-11 20:57:19] production.ERROR: Writing to /Users/ahmedomar/.config/psysh/psysh_history is not allowed. {"exception":"[object] (ErrorException(code: 0): Writing to /Users/ahmedomar/.config/psysh/psysh_history is not allowed. at /Users/ahmedomar/Documents/ElmCorner/website/vendor/psy/psysh/src/ConfigPaths.php:419)
[stacktrace]
#0 /Users/ahmedomar/Documents/ElmCorner/website/vendor/laravel/framework/src/Illuminate/Foundation/Bootstrap/HandleExceptions.php(255): Illuminate\\Foundation\\Bootstrap\\HandleExceptions->handleError(1024, 'Writing to /Use...', '/Users/ahmedoma...', 419)
#1 [internal function]: Illuminate\\Foundation\\Bootstrap\\HandleExceptions->Illuminate\\Foundation\\Bootstrap\\{closure}(1024, 'Writing to /Use...', '/Users/ahmedoma...', 419)
#2 /Users/ahmedomar/Documents/ElmCorner/website/vendor/psy/psysh/src/ConfigPaths.php(419): trigger_error('Writing to /Use...', 1024)
#3 /Users/ahmedomar/Documents/ElmCorner/website/vendor/psy/psysh/src/Configuration.php(683): Psy\\ConfigPaths::touchFileWithMkdir('/Users/ahmedoma...')
#4 /Users/ahmedomar/Documents/ElmCorner/website/vendor/psy/psysh/src/Configuration.php(707): Psy\\Configuration->setHistoryFile('/Users/ahmedoma...')
#5 /Users/ahmedomar/Documents/ElmCorner/website/vendor/psy/psysh/src/Configuration.php(852): Psy\\Configuration->getHistoryFile()
#6 /Users/ahmedomar/Documents/ElmCorner/website/vendor/psy/psysh/src/Shell.php(95): Psy\\Configuration->getReadline()
#7 /Users/ahmedomar/Documents/ElmCorner/website/vendor/laravel/tinker/src/Console/TinkerCommand.php(59): Psy\\Shell->__construct(Object(Psy\\Configuration))
#8 /Users/ahmedomar/Documents/ElmCorner/website/vendor/laravel/framework/src/Illuminate/Container/BoundMethod.php(36): Laravel\\Tinker\\Console\\TinkerCommand->handle()
#9 /Users/ahmedomar/Documents/ElmCorner/website/vendor/laravel/framework/src/Illuminate/Container/Util.php(41): Illuminate\\Container\\BoundMethod::Illuminate\\Container\\{closure}()
#10 /Users/ahmedomar/Documents/ElmCorner/website/vendor/laravel/framework/src/Illuminate/Container/BoundMethod.php(93): Illuminate\\Container\\Util::unwrapIfClosure(Object(Closure))
#11 /Users/ahmedomar/Documents/ElmCorner/website/vendor/laravel/framework/src/Illuminate/Container/BoundMethod.php(35): Illuminate\\Container\\BoundMethod::callBoundMethod(Object(Illuminate\\Foundation\\Application), Array, Object(Closure))
#12 /Users/ahmedomar/Documents/ElmCorner/website/vendor/laravel/framework/src/Illuminate/Container/Container.php(662): Illuminate\\Container\\BoundMethod::call(Object(Illuminate\\Foundation\\Application), Array, Array, NULL)
#13 /Users/ahmedomar/Documents/ElmCorner/website/vendor/laravel/framework/src/Illuminate/Console/Command.php(211): Illuminate\\Container\\Container->call(Array)
#14 /Users/ahmedomar/Documents/ElmCorner/website/vendor/symfony/console/Command/Command.php(326): Illuminate\\Console\\Command->execute(Object(Symfony\\Component\\Console\\Input\\ArgvInput), Object(Illuminate\\Console\\OutputStyle))
#15 /Users/ahmedomar/Documents/ElmCorner/website/vendor/laravel/framework/src/Illuminate/Console/Command.php(180): Symfony\\Component\\Console\\Command\\Command->run(Object(Symfony\\Component\\Console\\Input\\ArgvInput), Object(Illuminate\\Console\\OutputStyle))
#16 /Users/ahmedomar/Documents/ElmCorner/website/vendor/symfony/console/Application.php(1106): Illuminate\\Console\\Command->run(Object(Symfony\\Component\\Console\\Input\\ArgvInput), Object(Symfony\\Component\\Console\\Output\\ConsoleOutput))
#17 /Users/ahmedomar/Documents/ElmCorner/website/vendor/symfony/console/Application.php(324): Symfony\\Component\\Console\\Application->doRunCommand(Object(Laravel\\Tinker\\Console\\TinkerCommand), Object(Symfony\\Component\\Console\\Input\\ArgvInput), Object(Symfony\\Component\\Console\\Output\\ConsoleOutput))
#18 /Users/ahmedomar/Documents/ElmCorner/website/vendor/symfony/console/Application.php(175): Symfony\\Component\\Console\\Application->doRun(Object(Symfony\\Component\\Console\\Input\\ArgvInput), Object(Symfony\\Component\\Console\\Output\\ConsoleOutput))
#19 /Users/ahmedomar/Documents/ElmCorner/website/vendor/laravel/framework/src/Illuminate/Foundation/Console/Kernel.php(201): Symfony\\Component\\Console\\Application->run(Object(Symfony\\Component\\Console\\Input\\ArgvInput), Object(Symfony\\Component\\Console\\Output\\ConsoleOutput))
#20 /Users/ahmedomar/Documents/ElmCorner/website/artisan(14): Illuminate\\Foundation\\Console\\Kernel->handle(Object(Symfony\\Component\\Console\\Input\\ArgvInput), Object(Symfony\\Component\\Console\\Output\\ConsoleOutput))
#21 {main}
"} 
